<?xml version="1.0" encoding="UTF-8"?>
<!-- Generated by org.testng.reporters.JUnitReportReporter -->
<testsuite hostname="DESKTOP-P9KV7FH" failures="0" tests="1" name="com.myntraProjectUpdate.App" time="53.486" errors="0" timestamp="2023-06-14T13:52:11 IST" skipped="0">
  <testcase classname="com.myntraProjectUpdate.App" name="search" time="53.486"/>
  <system-out/>
</testsuite> <!-- com.myntraProjectUpdate.App -->
